[2790820ms] - Core 1: Processing GPRMC message: $GPRMC,191230.00,A,5316.64836,N,01846.03042,E,0.262,,170225,,,A*7D

[2790829ms] - Core 1: NMEA Parsing Error: stod
[2791820ms] - Core 1: Processing GPRMC message: $GPRMC,191231.00,A,5316.64785,N,01846.03021,E,3.136,91.53,170225,,,A*5F

[2791829ms] - Core 1: EventLog: id=26, timestamp=2791829, group=3, event=6
RMC Message:
  Time: 191231.00
  Status: A
  Latitude: 5316.65N
  Longitude: 1846.03E
  Speed Over Ground: 3.13600
  Course Over Ground: 91.5300
  Date: 170225
  Magnetic Variation: 0.00000
[2792820ms] - Core 1: Processing GPRMC message: $GPRMC,191232.00,A,5316.64785,N,01846.03024,E,2.133,123.82,170225,,,A*69

[2792830ms] - Core 1: EventLog: id=27, timestamp=2792829, group=3, event=6
RMC Message:
  Time: 191232.00
  Status: A
  Latitude: 5316.65N
  Longitude: 1846.03E
  Speed Over Ground: 2.13300
  Course Over Ground: 123.820
  Date: 170225
  Magnetic Variation: 0.00000
[2793820ms] - Core 1: Processing GPRMC message: $GPRMC,191233.00,A,5316.64812,N,01846.03020,E,1.468,,170225,,,A*71

[2793830ms] - Core 1: NMEA Parsing Error: stod
[2794821ms] - Core 1: Processing GPRMC message: $GPRMC,191234.00,A,5316.64700,N,01846.03019,E,0.051,,170225,,,A*7F

[2794830ms] - Core 1: NMEA Parsing Error: stod
[2795821ms] - Core 1: Processing GPRMC message: $GPRMC,191235.00,A,5316.64751,N,01846.02951,E,0.657,,170225,,,A*7E

